<?xml version="1.0" encoding="UTF-8"?>
<!-- Generated by org.testng.reporters.JUnitXMLReporter -->
<testsuite ignored="0" hostname="DESKTOP-09TKVC2" failures="0" tests="2" name="Default test" time="1.57" errors="0" timestamp="2024-09-30T13:20:27 ICT">
  <testcase classname="Setup.OpenURL" name="@BeforeClass beforeTest" time="1.508">
    <failure type="org.openqa.selenium.SessionNotCreatedException" message="session not created: This version of ChromeDriver only supports Chrome version 126
Current browser version is 128.0.6613.138 with binary path C:\Program Files\Google\Chrome\Application\chrome.exe
Build info: version: &amp;apos;3.141.59&amp;apos;, revision: &amp;apos;e82be7d358&amp;apos;, time: &amp;apos;2018-11-14T08:25:53&amp;apos;
System info: host: &amp;apos;DESKTOP-09TKVC2&amp;apos;, ip: &amp;apos;192.168.0.124&amp;apos;, os.name: &amp;apos;Windows 10&amp;apos;, os.arch: &amp;apos;amd64&amp;apos;, os.version: &amp;apos;10.0&amp;apos;, java.version: &amp;apos;17.0.10&amp;apos;
Driver info: driver.version: ChromeDriver
remote stacktrace: 	GetHandleVerifier [0x00007FF66670EEA2+31554]
	(No symbol) [0x00007FF666687ED9]
	(No symbol) [0x00007FF66654872A]
	(No symbol) [0x00007FF666586ED2]
	(No symbol) [0x00007FF666586008]
	(No symbol) [0x00007FF66657FCC8]
	(No symbol) [0x00007FF66657BB3B]
	(No symbol) [0x00007FF6665C8794]
	(No symbol) [0x00007FF6665C7DF0]
	(No symbol) [0x00007FF6665BCDD3]
	(No symbol) [0x00007FF66658A33B]
	(No symbol) [0x00007FF66658AED1]
	GetHandleVerifier [0x00007FF666A18B1D+3217341]
	GetHandleVerifier [0x00007FF666A65AE3+3532675]
	GetHandleVerifier [0x00007FF666A5B0E0+3489152]
	GetHandleVerifier [0x00007FF6667BE776+750614]
	(No symbol) [0x00007FF66669375F]
	(No symbol) [0x00007FF66668EB14]
	(No symbol) [0x00007FF66668ECA2]
	(No symbol) [0x00007FF66667E16F]
	BaseThreadInitThunk [0x00007FFCC25D7374+20]
	RtlUserThreadStart [0x00007FFCC369CC91+33]
">
      <![CDATA[org.openqa.selenium.SessionNotCreatedException: session not created: This version of ChromeDriver only supports Chrome version 126
Current browser version is 128.0.6613.138 with binary path C:\Program Files\Google\Chrome\Application\chrome.exe
Build info: version: '3.141.59', revision: 'e82be7d358', time: '2018-11-14T08:25:53'
System info: host: 'DESKTOP-09TKVC2', ip: '192.168.0.124', os.name: 'Windows 10', os.arch: 'amd64', os.version: '10.0', java.version: '17.0.10'
Driver info: driver.version: ChromeDriver
remote stacktrace: GetHandleVerifier [0x00007FF66670EEA2+31554]
(No symbol) [0x00007FF666687ED9]
(No symbol) [0x00007FF66654872A]
(No symbol) [0x00007FF666586ED2]
(No symbol) [0x00007FF666586008]
(No symbol) [0x00007FF66657FCC8]
(No symbol) [0x00007FF66657BB3B]
(No symbol) [0x00007FF6665C8794]
(No symbol) [0x00007FF6665C7DF0]
(No symbol) [0x00007FF6665BCDD3]
(No symbol) [0x00007FF66658A33B]
(No symbol) [0x00007FF66658AED1]
GetHandleVerifier [0x00007FF666A18B1D+3217341]
GetHandleVerifier [0x00007FF666A65AE3+3532675]
GetHandleVerifier [0x00007FF666A5B0E0+3489152]
GetHandleVerifier [0x00007FF6667BE776+750614]
(No symbol) [0x00007FF66669375F]
(No symbol) [0x00007FF66668EB14]
(No symbol) [0x00007FF66668ECA2]
(No symbol) [0x00007FF66667E16F]
BaseThreadInitThunk [0x00007FFCC25D7374+20]
RtlUserThreadStart [0x00007FFCC369CC91+33]

at java.base/jdk.internal.reflect.NativeConstructorAccessorImpl.newInstance0(Native Method)
at java.base/jdk.internal.reflect.NativeConstructorAccessorImpl.newInstance(NativeConstructorAccessorImpl.java:77)
at java.base/jdk.internal.reflect.DelegatingConstructorAccessorImpl.newInstance(DelegatingConstructorAccessorImpl.java:45)
at java.base/java.lang.reflect.Constructor.newInstanceWithCaller(Constructor.java:499)
at java.base/java.lang.reflect.Constructor.newInstance(Constructor.java:480)
at org.openqa.selenium.remote.W3CHandshakeResponse.lambda$errorHandler$0(W3CHandshakeResponse.java:62)
at org.openqa.selenium.remote.HandshakeResponse.lambda$getResponseFunction$0(HandshakeResponse.java:30)
at org.openqa.selenium.remote.ProtocolHandshake.lambda$createSession$0(ProtocolHandshake.java:126)
at java.base/java.util.stream.ReferencePipeline$3$1.accept(ReferencePipeline.java:197)
at java.base/java.util.Spliterators$ArraySpliterator.tryAdvance(Spliterators.java:1002)
at java.base/java.util.stream.ReferencePipeline.forEachWithCancel(ReferencePipeline.java:129)
at java.base/java.util.stream.AbstractPipeline.copyIntoWithCancel(AbstractPipeline.java:527)
at java.base/java.util.stream.AbstractPipeline.copyInto(AbstractPipeline.java:513)
at java.base/java.util.stream.AbstractPipeline.wrapAndCopyInto(AbstractPipeline.java:499)
at java.base/java.util.stream.FindOps$FindOp.evaluateSequential(FindOps.java:150)
at java.base/java.util.stream.AbstractPipeline.evaluate(AbstractPipeline.java:234)
at java.base/java.util.stream.ReferencePipeline.findFirst(ReferencePipeline.java:647)
at org.openqa.selenium.remote.ProtocolHandshake.createSession(ProtocolHandshake.java:128)
at org.openqa.selenium.remote.ProtocolHandshake.createSession(ProtocolHandshake.java:74)
at org.openqa.selenium.remote.HttpCommandExecutor.execute(HttpCommandExecutor.java:136)
at org.openqa.selenium.remote.service.DriverCommandExecutor.execute(DriverCommandExecutor.java:83)
at org.openqa.selenium.remote.RemoteWebDriver.execute(RemoteWebDriver.java:552)
at org.openqa.selenium.remote.RemoteWebDriver.startSession(RemoteWebDriver.java:213)
at org.openqa.selenium.remote.RemoteWebDriver.<init>(RemoteWebDriver.java:131)
at org.openqa.selenium.chrome.ChromeDriver.<init>(ChromeDriver.java:181)
at org.openqa.selenium.chrome.ChromeDriver.<init>(ChromeDriver.java:168)
at org.openqa.selenium.chrome.ChromeDriver.<init>(ChromeDriver.java:157)
at Setup.OpenURL.beforeTest(OpenURL.java:23)
at java.base/jdk.internal.reflect.NativeMethodAccessorImpl.invoke0(Native Method)
at java.base/jdk.internal.reflect.NativeMethodAccessorImpl.invoke(NativeMethodAccessorImpl.java:77)
at java.base/jdk.internal.reflect.DelegatingMethodAccessorImpl.invoke(DelegatingMethodAccessorImpl.java:43)
at java.base/java.lang.reflect.Method.invoke(Method.java:568)
at org.testng.internal.MethodInvocationHelper.invokeMethod(MethodInvocationHelper.java:133)
at org.testng.internal.MethodInvocationHelper.invokeMethodConsideringTimeout(MethodInvocationHelper.java:62)
at org.testng.internal.ConfigInvoker.invokeConfigurationMethod(ConfigInvoker.java:385)
at org.testng.internal.ConfigInvoker.invokeConfigurations(ConfigInvoker.java:321)
at org.testng.internal.TestMethodWorker.invokeBeforeClassMethods(TestMethodWorker.java:176)
at org.testng.internal.TestMethodWorker.run(TestMethodWorker.java:122)
at java.base/java.util.ArrayList.forEach(ArrayList.java:1511)
at org.testng.TestRunner.privateRun(TestRunner.java:794)
at org.testng.TestRunner.run(TestRunner.java:596)
at org.testng.SuiteRunner.runTest(SuiteRunner.java:377)
at org.testng.SuiteRunner.runSequentially(SuiteRunner.java:371)
at org.testng.SuiteRunner.privateRun(SuiteRunner.java:332)
at org.testng.SuiteRunner.run(SuiteRunner.java:276)
at org.testng.SuiteRunnerWorker.runSuite(SuiteRunnerWorker.java:53)
at org.testng.SuiteRunnerWorker.run(SuiteRunnerWorker.java:96)
at org.testng.TestNG.runSuitesSequentially(TestNG.java:1212)
at org.testng.TestNG.runSuitesLocally(TestNG.java:1134)
at org.testng.TestNG.runSuites(TestNG.java:1063)
at org.testng.TestNG.run(TestNG.java:1031)
at org.testng.remote.AbstractRemoteTestNG.run(AbstractRemoteTestNG.java:115)
at org.testng.remote.RemoteTestNG.initAndRun(RemoteTestNG.java:251)
at org.testng.remote.RemoteTestNG.main(RemoteTestNG.java:77)
]]>
    </failure>
  </testcase> <!-- @BeforeClass beforeTest -->
  <testcase classname="Setup.OpenURL" name="@AfterClass afterTest" time="-1.727677227295E9">
    <skipped/>
  </testcase> <!-- @AfterClass afterTest -->
  <testcase classname="TestCase12.Add_product" name="redirect_product_page" time="0.0">
    <skipped/>
  </testcase> <!-- redirect_product_page -->
  <testcase classname="TestCase12.Add_product" name="add_product_successfull" time="0.0">
    <skipped/>
  </testcase> <!-- add_product_successfull -->
</testsuite> <!-- Default test -->
